<?xml version="1.0" encoding="UTF-8"?>
<!-- Generated by org.testng.reporters.JUnitReportReporter -->
<testsuite hostname="MSI" failures="0" tests="2" name="mocktest.testcases.AcademicCyclePageTest" time="26.422" errors="0" timestamp="2024-11-07T11:54:47 IST" skipped="0">
  <testcase classname="mocktest.testcases.AcademicCyclePageTest" name="academicCyclePageUrlTest" time="11.846"/>
  <system-out/>
  <testcase classname="mocktest.testcases.AcademicCyclePageTest" name="addacademiccycleBtnTest" time="14.576"/>
  <system-out/>
</testsuite> <!-- mocktest.testcases.AcademicCyclePageTest -->
