<?xml version="1.0" encoding="UTF-8"?>
<!-- Generated by org.testng.reporters.JUnitReportReporter -->
<testsuite hostname="MSI" failures="0" tests="3" name="mocktest.testcases.AddMarkTest" time="43.882" errors="0" timestamp="2024-11-13T13:18:59 IST" skipped="0">
  <testcase classname="mocktest.testcases.AddMarkTest" name="TC_S_004" time="13.708"/>
  <system-out/>
  <testcase classname="mocktest.testcases.AddMarkTest" name="TC_S_005" time="16.257"/>
  <system-out/>
  <testcase classname="mocktest.testcases.AddMarkTest" name="examNameDisclaimerTest" time="13.917"/>
  <system-out/>
</testsuite> <!-- mocktest.testcases.AddMarkTest -->
