<?xml version="1.0" encoding="UTF-8"?>
<!-- Generated by org.testng.reporters.JUnitReportReporter -->
<testsuite hostname="Omkar-Genext" failures="0" tests="1" name="mocktest.testcases.cmsquestion" time="119.319" errors="0" timestamp="2024-06-12T14:18:52 IST" skipped="0">
  <testcase classname="mocktest.testcases.cmsquestion" name="addacademiccycleBtnTest" time="119.319"/>
  <system-out/>
</testsuite> <!-- mocktest.testcases.cmsquestion -->
